<?xml version="1.0" encoding="UTF-8"?>
<testng-results ignored="0" total="3" passed="3" failed="0" skipped="0">
  <reporter-output>
  </reporter-output>
  <suite started-at="2021-04-17T23:42:56 IST" name="Default suite" finished-at="2021-04-17T23:43:11 IST" duration-ms="15385">
    <groups>
    </groups>
    <test started-at="2021-04-17T23:42:56 IST" name="Default test" finished-at="2021-04-17T23:43:11 IST" duration-ms="15385">
      <class name="com.crm.testCases.LoginPageTest">
        <test-method is-config="true" signature="setUp()[pri:0, instance:com.crm.testCases.LoginPageTest@41e1e210]" started-at="2021-04-17T23:42:56 IST" name="setUp" finished-at="2021-04-17T23:43:02 IST" duration-ms="6276" status="PASS">
          <reporter-output>
          </reporter-output>
        </test-method> <!-- setUp -->
        <test-method signature="loginPageTitle()[pri:1, instance:com.crm.testCases.LoginPageTest@41e1e210]" started-at="2021-04-17T23:43:02 IST" name="loginPageTitle" finished-at="2021-04-17T23:43:02 IST" duration-ms="32" status="PASS">
          <reporter-output>
          </reporter-output>
        </test-method> <!-- loginPageTitle -->
        <test-method is-config="true" signature="tearDown()[pri:0, instance:com.crm.testCases.LoginPageTest@41e1e210]" started-at="2021-04-17T23:43:02 IST" name="tearDown" finished-at="2021-04-17T23:43:03 IST" duration-ms="86" status="PASS">
          <reporter-output>
          </reporter-output>
        </test-method> <!-- tearDown -->
        <test-method is-config="true" signature="setUp()[pri:0, instance:com.crm.testCases.LoginPageTest@41e1e210]" started-at="2021-04-17T23:43:03 IST" name="setUp" finished-at="2021-04-17T23:43:07 IST" duration-ms="4093" status="PASS">
          <reporter-output>
          </reporter-output>
        </test-method> <!-- setUp -->
        <test-method signature="LoginIncorrectDetails()[pri:2, instance:com.crm.testCases.LoginPageTest@41e1e210]" started-at="2021-04-17T23:43:07 IST" name="LoginIncorrectDetails" finished-at="2021-04-17T23:43:07 IST" duration-ms="771" status="PASS">
          <reporter-output>
          </reporter-output>
        </test-method> <!-- LoginIncorrectDetails -->
        <test-method is-config="true" signature="tearDown()[pri:0, instance:com.crm.testCases.LoginPageTest@41e1e210]" started-at="2021-04-17T23:43:07 IST" name="tearDown" finished-at="2021-04-17T23:43:08 IST" duration-ms="112" status="PASS">
          <reporter-output>
          </reporter-output>
        </test-method> <!-- tearDown -->
        <test-method is-config="true" signature="setUp()[pri:0, instance:com.crm.testCases.LoginPageTest@41e1e210]" started-at="2021-04-17T23:43:08 IST" name="setUp" finished-at="2021-04-17T23:43:11 IST" duration-ms="3042" status="PASS">
          <reporter-output>
          </reporter-output>
        </test-method> <!-- setUp -->
        <test-method signature="Login()[pri:3, instance:com.crm.testCases.LoginPageTest@41e1e210]" started-at="2021-04-17T23:43:11 IST" name="Login" finished-at="2021-04-17T23:43:11 IST" duration-ms="834" status="PASS">
          <reporter-output>
          </reporter-output>
        </test-method> <!-- Login -->
        <test-method is-config="true" signature="tearDown()[pri:0, instance:com.crm.testCases.LoginPageTest@41e1e210]" started-at="2021-04-17T23:43:11 IST" name="tearDown" finished-at="2021-04-17T23:43:11 IST" duration-ms="87" status="PASS">
          <reporter-output>
          </reporter-output>
        </test-method> <!-- tearDown -->
      </class> <!-- com.crm.testCases.LoginPageTest -->
    </test> <!-- Default test -->
  </suite> <!-- Default suite -->
</testng-results>
