<?xml version="1.0" encoding="UTF-8"?>
<!-- Generated by org.testng.reporters.JUnitXMLReporter -->
<testsuite ignored="0" hostname="Mohits-MacBook-Air.local" failures="0" tests="6" name="Start" time="103.401" errors="0" timestamp="2021-04-19T11:13:31 IST">
  <testcase classname="com.crm.testCases.LoginPageTest" name="loginPageTitle" time="0.097"/>
  <testcase classname="com.crm.testCases.LoginPageTest" name="LoginIncorrectDetails" time="6.015"/>
  <testcase classname="com.crm.testCases.LoginPageTest" name="Login" time="8.695"/>
  <testcase classname="com.crm.testCases.HomePageTest" name="validateHomeTitleTest" time="0.024"/>
  <testcase classname="com.crm.testCases.HomePageTest" name="userNameLabelDisplayedTest" time="0.114"/>
  <testcase classname="com.crm.testCases.HomePageTest" name="logoutTest" time="1.149"/>
</testsuite> <!-- Start -->
