<?xml version="1.0" encoding="UTF-8"?>
<!-- Generated by org.testng.reporters.JUnitXMLReporter -->
<testsuite ignored="0" hostname="Mohits-MacBook-Air.local" failures="0" tests="3" name="Default test" time="15.385" errors="0" timestamp="2021-04-17T23:43:12 IST">
  <testcase classname="com.crm.testCases.LoginPageTest" name="loginPageTitle" time="0.032"/>
  <testcase classname="com.crm.testCases.LoginPageTest" name="LoginIncorrectDetails" time="0.771"/>
  <testcase classname="com.crm.testCases.LoginPageTest" name="Login" time="0.834"/>
</testsuite> <!-- Default test -->
